<?xml version="1.0" encoding="UTF-8"?>
<testsuite xmlns:xsi="http://www.w3.org/2001/XMLSchema-instance" xsi:noNamespaceSchemaLocation="https://maven.apache.org/surefire/maven-surefire-plugin/xsd/surefire-test-report-3.0.xsd" version="3.0" name="TestSuite" time="2.742" tests="20" errors="0" skipped="0" failures="0">
  <properties>
    <property name="sun.desktop" value="windows"/>
    <property name="awt.toolkit" value="sun.awt.windows.WToolkit"/>
    <property name="file.encoding.pkg" value="sun.io"/>
    <property name="java.specification.version" value="1.8"/>
    <property name="sun.cpu.isalist" value="amd64"/>
    <property name="sun.jnu.encoding" value="GBK"/>
    <property name="java.class.path" value="D:\software\junit5-samples-master\alluredemo\target\test-classes;D:\software\junit5-samples-master\alluredemo\target\classes;D:\software\apache-maven-3.5.2\repository\org\testng\testng\6.9.9\testng-6.9.9.jar;D:\software\apache-maven-3.5.2\repository\junit\junit\4.10\junit-4.10.jar;D:\software\apache-maven-3.5.2\repository\org\hamcrest\hamcrest-core\1.1\hamcrest-core-1.1.jar;D:\software\apache-maven-3.5.2\repository\com\beust\jcommander\1.48\jcommander-1.48.jar;D:\software\apache-maven-3.5.2\repository\org\apache\ant\ant\1.7.0\ant-1.7.0.jar;D:\software\apache-maven-3.5.2\repository\org\apache\ant\ant-launcher\1.7.0\ant-launcher-1.7.0.jar;D:\software\apache-maven-3.5.2\repository\org\yaml\snakeyaml\1.15\snakeyaml-1.15.jar;D:\software\apache-maven-3.5.2\repository\org\beanshell\bsh\2.0b4\bsh-2.0b4.jar;D:\software\apache-maven-3.5.2\repository\org\seleniumhq\selenium\selenium-java\2.53.0\selenium-java-2.53.0.jar;D:\software\apache-maven-3.5.2\repository\org\seleniumhq\selenium\selenium-chrome-driver\2.53.0\selenium-chrome-driver-2.53.0.jar;D:\software\apache-maven-3.5.2\repository\org\seleniumhq\selenium\selenium-remote-driver\2.53.0\selenium-remote-driver-2.53.0.jar;D:\software\apache-maven-3.5.2\repository\cglib\cglib-nodep\2.1_3\cglib-nodep-2.1_3.jar;D:\software\apache-maven-3.5.2\repository\com\google\code\gson\gson\2.3.1\gson-2.3.1.jar;D:\software\apache-maven-3.5.2\repository\org\seleniumhq\selenium\selenium-api\2.53.0\selenium-api-2.53.0.jar;D:\software\apache-maven-3.5.2\repository\org\apache\httpcomponents\httpclient\4.5.1\httpclient-4.5.1.jar;D:\software\apache-maven-3.5.2\repository\org\apache\httpcomponents\httpcore\4.4.3\httpcore-4.4.3.jar;D:\software\apache-maven-3.5.2\repository\commons-logging\commons-logging\1.2\commons-logging-1.2.jar;D:\software\apache-maven-3.5.2\repository\commons-codec\commons-codec\1.9\commons-codec-1.9.jar;D:\software\apache-maven-3.5.2\repository\com\google\guava\guava\19.0\guava-19.0.jar;D:\software\apache-maven-3.5.2\repository\org\seleniumhq\selenium\selenium-edge-driver\2.53.0\selenium-edge-driver-2.53.0.jar;D:\software\apache-maven-3.5.2\repository\commons-io\commons-io\2.4\commons-io-2.4.jar;D:\software\apache-maven-3.5.2\repository\org\apache\commons\commons-exec\1.3\commons-exec-1.3.jar;D:\software\apache-maven-3.5.2\repository\org\seleniumhq\selenium\selenium-firefox-driver\2.53.0\selenium-firefox-driver-2.53.0.jar;D:\software\apache-maven-3.5.2\repository\org\seleniumhq\selenium\selenium-ie-driver\2.53.0\selenium-ie-driver-2.53.0.jar;D:\software\apache-maven-3.5.2\repository\net\java\dev\jna\jna\4.1.0\jna-4.1.0.jar;D:\software\apache-maven-3.5.2\repository\net\java\dev\jna\jna-platform\4.1.0\jna-platform-4.1.0.jar;D:\software\apache-maven-3.5.2\repository\org\seleniumhq\selenium\selenium-safari-driver\2.53.0\selenium-safari-driver-2.53.0.jar;D:\software\apache-maven-3.5.2\repository\io\netty\netty\3.5.7.Final\netty-3.5.7.Final.jar;D:\software\apache-maven-3.5.2\repository\org\seleniumhq\selenium\selenium-support\2.53.0\selenium-support-2.53.0.jar;D:\software\apache-maven-3.5.2\repository\org\seleniumhq\selenium\selenium-leg-rc\2.53.0\selenium-leg-rc-2.53.0.jar;D:\software\apache-maven-3.5.2\repository\ru\yandex\qatools\allure\allure-testng-adaptor\1.5.2\allure-testng-adaptor-1.5.2.jar;D:\software\apache-maven-3.5.2\repository\ru\yandex\qatools\allure\allure-java-aspects\1.5.2\allure-java-aspects-1.5.2.jar;D:\software\apache-maven-3.5.2\repository\ru\yandex\qatools\allure\allure-java-adaptor-api\1.5.2\allure-java-adaptor-api-1.5.2.jar;D:\software\apache-maven-3.5.2\repository\ru\yandex\qatools\allure\allure-java-annotations\1.5.2\allure-java-annotations-1.5.2.jar;D:\software\apache-maven-3.5.2\repository\ru\yandex\qatools\allure\allure-model\1.5.2\allure-model-1.5.2.jar;D:\software\apache-maven-3.5.2\repository\org\jvnet\jaxb2_commons\jaxb2-basics-runtime\0.9.3\jaxb2-basics-runtime-0.9.3.jar;D:\software\apache-maven-3.5.2\repository\ru\qatools\commons\properties\2.0.RC5\properties-2.0.RC5.jar;D:\software\apache-maven-3.5.2\repository\org\slf4j\slf4j-api\1.7.12\slf4j-api-1.7.12.jar;D:\software\apache-maven-3.5.2\repository\org\apache\tika\tika-core\1.7\tika-core-1.7.jar;D:\software\apache-maven-3.5.2\repository\org\aspectj\aspectjrt\1.8.3\aspectjrt-1.8.3.jar;D:\software\apache-maven-3.5.2\repository\org\eclipse\jetty\jetty-server\9.4.19.v20190610\jetty-server-9.4.19.v20190610.jar;D:\software\apache-maven-3.5.2\repository\javax\servlet\javax.servlet-api\3.1.0\javax.servlet-api-3.1.0.jar;D:\software\apache-maven-3.5.2\repository\org\eclipse\jetty\jetty-http\9.4.19.v20190610\jetty-http-9.4.19.v20190610.jar;D:\software\apache-maven-3.5.2\repository\org\eclipse\jetty\jetty-util\9.4.19.v20190610\jetty-util-9.4.19.v20190610.jar;D:\software\apache-maven-3.5.2\repository\org\eclipse\jetty\jetty-io\9.4.19.v20190610\jetty-io-9.4.19.v20190610.jar;"/>
    <property name="java.vm.vendor" value="Oracle Corporation"/>
    <property name="sun.arch.data.model" value="64"/>
    <property name="user.variant" value=""/>
    <property name="java.vendor.url" value="http://java.oracle.com/"/>
    <property name="user.timezone" value="Asia/Shanghai"/>
    <property name="java.vm.specification.version" value="1.8"/>
    <property name="os.name" value="Windows 7"/>
    <property name="user.country" value="CN"/>
    <property name="sun.java.launcher" value="SUN_STANDARD"/>
    <property name="sun.boot.library.path" value="C:\Program Files\Java\jdk1.8.0_121\jre\bin"/>
    <property name="sun.java.command" value="C:\Users\Administrator\AppData\Local\Temp\surefire491185255647331552\surefirebooter998153914130918449.jar C:\Users\Administrator\AppData\Local\Temp\surefire491185255647331552 2019-07-20T00-25-40_763-jvmRun1 surefire5208326101844407465tmp surefire_04786371380515405412tmp"/>
    <property name="surefire.test.class.path" value="D:\software\junit5-samples-master\alluredemo\target\test-classes;D:\software\junit5-samples-master\alluredemo\target\classes;D:\software\apache-maven-3.5.2\repository\org\testng\testng\6.9.9\testng-6.9.9.jar;D:\software\apache-maven-3.5.2\repository\junit\junit\4.10\junit-4.10.jar;D:\software\apache-maven-3.5.2\repository\org\hamcrest\hamcrest-core\1.1\hamcrest-core-1.1.jar;D:\software\apache-maven-3.5.2\repository\com\beust\jcommander\1.48\jcommander-1.48.jar;D:\software\apache-maven-3.5.2\repository\org\apache\ant\ant\1.7.0\ant-1.7.0.jar;D:\software\apache-maven-3.5.2\repository\org\apache\ant\ant-launcher\1.7.0\ant-launcher-1.7.0.jar;D:\software\apache-maven-3.5.2\repository\org\yaml\snakeyaml\1.15\snakeyaml-1.15.jar;D:\software\apache-maven-3.5.2\repository\org\beanshell\bsh\2.0b4\bsh-2.0b4.jar;D:\software\apache-maven-3.5.2\repository\org\seleniumhq\selenium\selenium-java\2.53.0\selenium-java-2.53.0.jar;D:\software\apache-maven-3.5.2\repository\org\seleniumhq\selenium\selenium-chrome-driver\2.53.0\selenium-chrome-driver-2.53.0.jar;D:\software\apache-maven-3.5.2\repository\org\seleniumhq\selenium\selenium-remote-driver\2.53.0\selenium-remote-driver-2.53.0.jar;D:\software\apache-maven-3.5.2\repository\cglib\cglib-nodep\2.1_3\cglib-nodep-2.1_3.jar;D:\software\apache-maven-3.5.2\repository\com\google\code\gson\gson\2.3.1\gson-2.3.1.jar;D:\software\apache-maven-3.5.2\repository\org\seleniumhq\selenium\selenium-api\2.53.0\selenium-api-2.53.0.jar;D:\software\apache-maven-3.5.2\repository\org\apache\httpcomponents\httpclient\4.5.1\httpclient-4.5.1.jar;D:\software\apache-maven-3.5.2\repository\org\apache\httpcomponents\httpcore\4.4.3\httpcore-4.4.3.jar;D:\software\apache-maven-3.5.2\repository\commons-logging\commons-logging\1.2\commons-logging-1.2.jar;D:\software\apache-maven-3.5.2\repository\commons-codec\commons-codec\1.9\commons-codec-1.9.jar;D:\software\apache-maven-3.5.2\repository\com\google\guava\guava\19.0\guava-19.0.jar;D:\software\apache-maven-3.5.2\repository\org\seleniumhq\selenium\selenium-edge-driver\2.53.0\selenium-edge-driver-2.53.0.jar;D:\software\apache-maven-3.5.2\repository\commons-io\commons-io\2.4\commons-io-2.4.jar;D:\software\apache-maven-3.5.2\repository\org\apache\commons\commons-exec\1.3\commons-exec-1.3.jar;D:\software\apache-maven-3.5.2\repository\org\seleniumhq\selenium\selenium-firefox-driver\2.53.0\selenium-firefox-driver-2.53.0.jar;D:\software\apache-maven-3.5.2\repository\org\seleniumhq\selenium\selenium-ie-driver\2.53.0\selenium-ie-driver-2.53.0.jar;D:\software\apache-maven-3.5.2\repository\net\java\dev\jna\jna\4.1.0\jna-4.1.0.jar;D:\software\apache-maven-3.5.2\repository\net\java\dev\jna\jna-platform\4.1.0\jna-platform-4.1.0.jar;D:\software\apache-maven-3.5.2\repository\org\seleniumhq\selenium\selenium-safari-driver\2.53.0\selenium-safari-driver-2.53.0.jar;D:\software\apache-maven-3.5.2\repository\io\netty\netty\3.5.7.Final\netty-3.5.7.Final.jar;D:\software\apache-maven-3.5.2\repository\org\seleniumhq\selenium\selenium-support\2.53.0\selenium-support-2.53.0.jar;D:\software\apache-maven-3.5.2\repository\org\seleniumhq\selenium\selenium-leg-rc\2.53.0\selenium-leg-rc-2.53.0.jar;D:\software\apache-maven-3.5.2\repository\ru\yandex\qatools\allure\allure-testng-adaptor\1.5.2\allure-testng-adaptor-1.5.2.jar;D:\software\apache-maven-3.5.2\repository\ru\yandex\qatools\allure\allure-java-aspects\1.5.2\allure-java-aspects-1.5.2.jar;D:\software\apache-maven-3.5.2\repository\ru\yandex\qatools\allure\allure-java-adaptor-api\1.5.2\allure-java-adaptor-api-1.5.2.jar;D:\software\apache-maven-3.5.2\repository\ru\yandex\qatools\allure\allure-java-annotations\1.5.2\allure-java-annotations-1.5.2.jar;D:\software\apache-maven-3.5.2\repository\ru\yandex\qatools\allure\allure-model\1.5.2\allure-model-1.5.2.jar;D:\software\apache-maven-3.5.2\repository\org\jvnet\jaxb2_commons\jaxb2-basics-runtime\0.9.3\jaxb2-basics-runtime-0.9.3.jar;D:\software\apache-maven-3.5.2\repository\ru\qatools\commons\properties\2.0.RC5\properties-2.0.RC5.jar;D:\software\apache-maven-3.5.2\repository\org\slf4j\slf4j-api\1.7.12\slf4j-api-1.7.12.jar;D:\software\apache-maven-3.5.2\repository\org\apache\tika\tika-core\1.7\tika-core-1.7.jar;D:\software\apache-maven-3.5.2\repository\org\aspectj\aspectjrt\1.8.3\aspectjrt-1.8.3.jar;D:\software\apache-maven-3.5.2\repository\org\eclipse\jetty\jetty-server\9.4.19.v20190610\jetty-server-9.4.19.v20190610.jar;D:\software\apache-maven-3.5.2\repository\javax\servlet\javax.servlet-api\3.1.0\javax.servlet-api-3.1.0.jar;D:\software\apache-maven-3.5.2\repository\org\eclipse\jetty\jetty-http\9.4.19.v20190610\jetty-http-9.4.19.v20190610.jar;D:\software\apache-maven-3.5.2\repository\org\eclipse\jetty\jetty-util\9.4.19.v20190610\jetty-util-9.4.19.v20190610.jar;D:\software\apache-maven-3.5.2\repository\org\eclipse\jetty\jetty-io\9.4.19.v20190610\jetty-io-9.4.19.v20190610.jar;"/>
    <property name="sun.cpu.endian" value="little"/>
    <property name="allure.results.directory" value="./target/2017-05-16_18_56_43/allure-results"/>
    <property name="user.home" value="C:\Users\Administrator"/>
    <property name="user.language" value="zh"/>
    <property name="java.specification.vendor" value="Oracle Corporation"/>
    <property name="java.home" value="C:\Program Files\Java\jdk1.8.0_121\jre"/>
    <property name="basedir" value="D:\software\junit5-samples-master\alluredemo"/>
    <property name="file.separator" value="\"/>
    <property name="line.separator" value="&#10;"/>
    <property name="java.vm.specification.vendor" value="Oracle Corporation"/>
    <property name="java.specification.name" value="Java Platform API Specification"/>
    <property name="java.awt.graphicsenv" value="sun.awt.Win32GraphicsEnvironment"/>
    <property name="surefire.real.class.path" value="C:\Users\Administrator\AppData\Local\Temp\surefire491185255647331552\surefirebooter998153914130918449.jar;D:\software\apache-maven-3.5.2\repository/org/aspectj/aspectjweaver/1.7.4/aspectjweaver-1.7.4.jar"/>
    <property name="sun.boot.class.path" value="C:\Program Files\Java\jdk1.8.0_121\jre\lib\resources.jar;C:\Program Files\Java\jdk1.8.0_121\jre\lib\rt.jar;C:\Program Files\Java\jdk1.8.0_121\jre\lib\sunrsasign.jar;C:\Program Files\Java\jdk1.8.0_121\jre\lib\jsse.jar;C:\Program Files\Java\jdk1.8.0_121\jre\lib\jce.jar;C:\Program Files\Java\jdk1.8.0_121\jre\lib\charsets.jar;C:\Program Files\Java\jdk1.8.0_121\jre\lib\jfr.jar;C:\Program Files\Java\jdk1.8.0_121\jre\classes"/>
    <property name="user.script" value=""/>
    <property name="sun.management.compiler" value="HotSpot 64-Bit Tiered Compilers"/>
    <property name="java.runtime.version" value="1.8.0_121-b13"/>
    <property name="user.name" value="Administrator"/>
    <property name="path.separator" value=";"/>
    <property name="os.version" value="6.1"/>
    <property name="java.endorsed.dirs" value="C:\Program Files\Java\jdk1.8.0_121\jre\lib\endorsed"/>
    <property name="java.runtime.name" value="Java(TM) SE Runtime Environment"/>
    <property name="file.encoding" value="GBK"/>
    <property name="java.vm.name" value="Java HotSpot(TM) 64-Bit Server VM"/>
    <property name="localRepository" value="D:\software\apache-maven-3.5.2\repository"/>
    <property name="java.vendor.url.bug" value="http://bugreport.sun.com/bugreport/"/>
    <property name="java.io.tmpdir" value="C:\Users\ADMINI~1\AppData\Local\Temp\"/>
    <property name="java.version" value="1.8.0_121"/>
    <property name="user.dir" value="D:\software\junit5-samples-master\alluredemo"/>
    <property name="os.arch" value="amd64"/>
    <property name="java.vm.specification.name" value="Java Virtual Machine Specification"/>
    <property name="java.awt.printerjob" value="sun.awt.windows.WPrinterJob"/>
    <property name="sun.os.patch.level" value="Service Pack 1"/>
    <property name="java.library.path" value="C:\Program Files\Java\jdk1.8.0_121\jre\bin;C:\Windows\Sun\Java\bin;C:\Windows\system32;C:\Windows;C:\ProgramData\Oracle\Java\javapath;C:\Windows\system32;C:\Windows;C:\Windows\System32\Wbem;C:\Windows\System32\WindowsPowerShell\v1.0\;C:\Program Files\Java\jdk1.8.0_121\bin;C:\Program Files\Java\jdk1.8.0_121\jre\bin;D:\software\apache-ant-1.9.10\bin;D:\software\apache-maven-3.5.2\bin;C:\Program Files\Git\cmd;C:\Program Files\Git\bin;C:\strawberry\c\bin;C:\strawberry\perl\bin;E:\software\Jmeter\apache-jmeter-3.3\bin;D:\Program Files (x86)\CukeTest\;D:\Program Files\nodejs\;D:\software\AndroidSdk\platform-tools;D:\software\AndroidSdktools;C:\opencv\build\x64\vc10\bin;C:\opencv\build\java\x64;C:\Python27\;D:\software\allure-2.8.1\bin;D:\Program Files\CMake\bin;C:\Users\Administrator\AppData\Roaming\npm;."/>
    <property name="java.vm.info" value="mixed mode"/>
    <property name="java.vendor" value="Oracle Corporation"/>
    <property name="java.vm.version" value="25.121-b13"/>
    <property name="java.ext.dirs" value="C:\Program Files\Java\jdk1.8.0_121\jre\lib\ext;C:\Windows\Sun\Java\lib\ext"/>
    <property name="sun.io.unicode.encoding" value="UnicodeLittle"/>
    <property name="java.class.version" value="52.0"/>
  </properties>
  <testcase name="test" classname="Demo" time="0.153"/>
  <testcase name="test" classname="Demo" time="0"/>
  <testcase name="test" classname="Demo" time="0"/>
  <testcase name="test" classname="Demo" time="0"/>
  <testcase name="test" classname="Demo" time="0"/>
  <testcase name="test" classname="Demo" time="0"/>
  <testcase name="test" classname="Demo" time="0"/>
  <testcase name="test" classname="Demo" time="0"/>
  <testcase name="test" classname="Demo" time="0.02"/>
  <testcase name="test" classname="Demo" time="0"/>
  <testcase name="test" classname="Demo" time="0"/>
  <testcase name="test" classname="Demo" time="0"/>
  <testcase name="test" classname="Demo" time="0"/>
  <testcase name="test" classname="Demo" time="0"/>
  <testcase name="test" classname="Demo" time="0"/>
  <testcase name="test" classname="Demo" time="0.001"/>
  <testcase name="test" classname="Demo" time="0"/>
  <testcase name="test" classname="Demo" time="0"/>
  <testcase name="test" classname="Demo" time="0"/>
  <testcase name="test" classname="Demo" time="0"/>
</testsuite>