<?xml version="1.0" encoding="UTF-8"?>
<!-- Generated by org.testng.reporters.JUnitReportReporter -->
<testsuite hostname="SKY-20180316NPH" name="Demo" tests="20" failures="0" timestamp="19 Jul 2019 16:25:46 GMT" time="0.203" errors="0">
  <testcase name="test" time="0.000" classname="Demo"/>
  <testcase name="test" time="0.000" classname="Demo"/>
  <testcase name="test" time="0.000" classname="Demo"/>
  <testcase name="test" time="0.000" classname="Demo"/>
  <testcase name="test" time="0.010" classname="Demo"/>
  <testcase name="test" time="0.000" classname="Demo"/>
  <testcase name="test" time="0.000" classname="Demo"/>
  <testcase name="test" time="0.010" classname="Demo"/>
  <testcase name="test" time="0.000" classname="Demo"/>
  <testcase name="test" time="0.163" classname="Demo"/>
  <testcase name="test" time="0.000" classname="Demo"/>
  <testcase name="test" time="0.000" classname="Demo"/>
  <testcase name="test" time="0.000" classname="Demo"/>
  <testcase name="test" time="0.000" classname="Demo"/>
  <testcase name="test" time="0.010" classname="Demo"/>
  <testcase name="test" time="0.000" classname="Demo"/>
  <testcase name="test" time="0.010" classname="Demo"/>
  <testcase name="test" time="0.000" classname="Demo"/>
  <testcase name="test" time="0.000" classname="Demo"/>
  <testcase name="test" time="0.000" classname="Demo"/>
</testsuite> <!-- Demo -->
